0 info it worked if it ends with ok
1 verbose cli [ '/usr/bin/node', '/usr/bin/npm', 'run', 'build' ]
2 info using npm@6.4.1
3 info using node@v8.12.0
4 verbose run-script [ 'prebuild', 'build', 'postbuild' ]
5 info lifecycle @ckeditor/ckeditor5-build-balloon@11.1.1~prebuild: @ckeditor/ckeditor5-build-balloon@11.1.1
6 info lifecycle @ckeditor/ckeditor5-build-balloon@11.1.1~build: @ckeditor/ckeditor5-build-balloon@11.1.1
7 verbose lifecycle @ckeditor/ckeditor5-build-balloon@11.1.1~build: unsafe-perm in lifecycle true
8 verbose lifecycle @ckeditor/ckeditor5-build-balloon@11.1.1~build: PATH: /usr/lib/node_modules/npm/node_modules/npm-lifecycle/node-gyp-bin:/home/gulyaszsolt/angular/ckeditor5-build-balloon/node_modules/.bin:/home/gulyaszsolt/bin:/home/gulyaszsolt/.local/bin:/home/gulyaszsolt/bin:/home/gulyaszsolt/.local/bin:/usr/local/sbin:/usr/local/bin:/usr/sbin:/usr/bin:/sbin:/bin:/usr/games:/usr/local/games:/snap/bin:/usr/lib/jvm/java-8-oracle/bin:/usr/lib/jvm/java-8-oracle/db/bin:/usr/lib/jvm/java-8-oracle/jre/bin:/usr/lib/jvm/java-8-oracle/bin:/usr/lib/jvm/java-8-oracle/db/bin:/usr/lib/jvm/java-8-oracle/jre/bin
9 verbose lifecycle @ckeditor/ckeditor5-build-balloon@11.1.1~build: CWD: /home/gulyaszsolt/angular/ckeditor5-build-balloon
10 silly lifecycle @ckeditor/ckeditor5-build-balloon@11.1.1~build: Args: [ '-c', 'webpack --mode production' ]
11 silly lifecycle @ckeditor/ckeditor5-build-balloon@11.1.1~build: Returned: code: 2  signal: null
12 info lifecycle @ckeditor/ckeditor5-build-balloon@11.1.1~build: Failed to exec build script
13 verbose stack Error: @ckeditor/ckeditor5-build-balloon@11.1.1 build: `webpack --mode production`
13 verbose stack Exit status 2
13 verbose stack     at EventEmitter.<anonymous> (/usr/lib/node_modules/npm/node_modules/npm-lifecycle/index.js:301:16)
13 verbose stack     at emitTwo (events.js:126:13)
13 verbose stack     at EventEmitter.emit (events.js:214:7)
13 verbose stack     at ChildProcess.<anonymous> (/usr/lib/node_modules/npm/node_modules/npm-lifecycle/lib/spawn.js:55:14)
13 verbose stack     at emitTwo (events.js:126:13)
13 verbose stack     at ChildProcess.emit (events.js:214:7)
13 verbose stack     at maybeClose (internal/child_process.js:915:16)
13 verbose stack     at Process.ChildProcess._handle.onexit (internal/child_process.js:209:5)
14 verbose pkgid @ckeditor/ckeditor5-build-balloon@11.1.1
15 verbose cwd /home/gulyaszsolt/angular/ckeditor5-build-balloon
16 verbose Linux 4.15.0-38-generic
17 verbose argv "/usr/bin/node" "/usr/bin/npm" "run" "build"
18 verbose node v8.12.0
19 verbose npm  v6.4.1
20 error code ELIFECYCLE
21 error errno 2
22 error @ckeditor/ckeditor5-build-balloon@11.1.1 build: `webpack --mode production`
22 error Exit status 2
23 error Failed at the @ckeditor/ckeditor5-build-balloon@11.1.1 build script.
23 error This is probably not a problem with npm. There is likely additional logging output above.
24 verbose exit [ 2, true ]
